Info: Starting: Create block symbol file (.bsf)
Info: qsys-generate E:\share\02_Learning\01_FPGA\04_SOC\01_Nios_II\01_proj\01_hello\src\02_IP_Core\mysystem.qsys --block-symbol-file --output-directory=E:\share\02_Learning\01_FPGA\04_SOC\01_Nios_II\01_proj\01_hello\src\02_IP_Core\mysystem --family="Stratix V" --part=5SGSMD5K1F40C1
Progress: Loading 02_IP_Core/mysystem.qsys
Progress: Reading input file
Progress: Adding clk_0 [clock_source 15.1]
Progress: Parameterizing module clk_0
Progress: Adding nios2 [altera_nios2_qsys 15.1]
Progress: Parameterizing module nios2
Progress: Adding onchip_ram [altera_avalon_onchip_memory2 15.1]
Progress: Parameterizing module onchip_ram
Progress: Adding onchip_rom [altera_avalon_onchip_memory2 15.1]
Progress: Parameterizing module onchip_rom
Progress: Adding pio_led [altera_avalon_pio 15.1]
Progress: Parameterizing module pio_led
Progress: Adding sysid [altera_avalon_sysid_qsys 15.1]
Progress: Parameterizing module sysid
Progress: Building connections
Progress: Parameterizing connections
Progress: Validating
Progress: Done reading input file
Warning: mysystem.nios2: Nios II Classic cores are no longer recommended for new projects
Info: mysystem.pio_led: PIO inputs are not hardwired in test bench. Undefined values will be read from PIO inputs during simulation.
Info: mysystem.sysid: System ID is not assigned automatically. Edit the System ID parameter to provide a unique ID
Info: mysystem.sysid: Time stamp will be automatically updated when this component is generated.
Info: qsys-generate succeeded.
Info: Finished: Create block symbol file (.bsf)
Info: 
Info: Starting: Create HDL design files for synthesis
Info: qsys-generate E:\share\02_Learning\01_FPGA\04_SOC\01_Nios_II\01_proj\01_hello\src\02_IP_Core\mysystem.qsys --synthesis=VERILOG --output-directory=E:\share\02_Learning\01_FPGA\04_SOC\01_Nios_II\01_proj\01_hello\src\02_IP_Core\mysystem\synthesis --family="Stratix V" --part=5SGSMD5K1F40C1
Progress: Loading 02_IP_Core/mysystem.qsys
Progress: Reading input file
Progress: Adding clk_0 [clock_source 15.1]
Progress: Parameterizing module clk_0
Progress: Adding nios2 [altera_nios2_qsys 15.1]
Progress: Parameterizing module nios2
Progress: Adding onchip_ram [altera_avalon_onchip_memory2 15.1]
Progress: Parameterizing module onchip_ram
Progress: Adding onchip_rom [altera_avalon_onchip_memory2 15.1]
Progress: Parameterizing module onchip_rom
Progress: Adding pio_led [altera_avalon_pio 15.1]
Progress: Parameterizing module pio_led
Progress: Adding sysid [altera_avalon_sysid_qsys 15.1]
Progress: Parameterizing module sysid
Progress: Building connections
Progress: Parameterizing connections
Progress: Validating
Progress: Done reading input file
Warning: mysystem.nios2: Nios II Classic cores are no longer recommended for new projects
Info: mysystem.pio_led: PIO inputs are not hardwired in test bench. Undefined values will be read from PIO inputs during simulation.
Info: mysystem.sysid: System ID is not assigned automatically. Edit the System ID parameter to provide a unique ID
Info: mysystem.sysid: Time stamp will be automatically updated when this component is generated.
Info: mysystem: Generating mysystem "mysystem" for QUARTUS_SYNTH
Info: nios2: Starting RTL generation for module 'mysystem_nios2'
Info: nios2:   Generation command is [exec D:/altera/15.1/quartus/bin64/eperlcmd.exe -I D:/altera/15.1/quartus/bin64/perl/lib -I D:/altera/15.1/quartus/sopc_builder/bin/europa -I D:/altera/15.1/quartus/sopc_builder/bin/perl_lib -I D:/altera/15.1/quartus/sopc_builder/bin -I D:/altera/15.1/quartus/../ip/altera/nios2_ip/altera_nios2/cpu_lib -I D:/altera/15.1/quartus/../ip/altera/nios2_ip/altera_nios2/nios_lib -I D:/altera/15.1/quartus/../ip/altera/nios2_ip/altera_nios2 -I D:/altera/15.1/quartus/../ip/altera/nios2_ip/altera_nios2 -- D:/altera/15.1/quartus/../ip/altera/nios2_ip/altera_nios2/generate_rtl.epl --name=mysystem_nios2 --dir=C:/Users/182588/AppData/Local/Temp/alt8933_7212723543452577307.dir/0001_nios2_gen/ --quartus_bindir=D:/altera/15.1/quartus/bin64 --verilog --config=C:/Users/182588/AppData/Local/Temp/alt8933_7212723543452577307.dir/0001_nios2_gen//mysystem_nios2_processor_configuration.pl  --do_build_sim=0  ]
Info: nios2: # 2021.11.03 02:53:13 (*) Starting Nios II generation
Info: nios2: # 2021.11.03 02:53:13 (*)   Checking for plaintext license.
Info: nios2: # 2021.11.03 02:53:16 (*)   Plaintext license not found.
Info: nios2: # 2021.11.03 02:53:16 (*)   Checking for encrypted license (non-evaluation).
Info: nios2: # 2021.11.03 02:53:19 (*)   Encrypted license found.  SOF will not be time-limited.
Info: nios2: # 2021.11.03 02:53:19 (*)   Elaborating CPU configuration settings
Info: nios2: # 2021.11.03 02:53:20 (*)   Creating all objects for CPU
Info: nios2: # 2021.11.03 02:53:20 (*)     Testbench
Info: nios2: # 2021.11.03 02:53:20 (*)     Instruction decoding
Info: nios2: # 2021.11.03 02:53:20 (*)       Instruction fields
Info: nios2: # 2021.11.03 02:53:20 (*)       Instruction decodes
Info: nios2: # 2021.11.03 02:53:20 (*)       Signals for RTL simulation waveforms
Info: nios2: # 2021.11.03 02:53:20 (*)       Instruction controls
Info: nios2: # 2021.11.03 02:53:20 (*)     Pipeline frontend
Info: nios2: # 2021.11.03 02:53:20 (*)     Pipeline backend
Info: nios2: # 2021.11.03 02:53:22 (*)   Generating RTL from CPU objects
Info: nios2: # 2021.11.03 02:53:24 (*)   Creating encrypted RTL
Info: nios2: # 2021.11.03 02:53:25 (*) Done Nios II generation
Info: nios2: Done RTL generation for module 'mysystem_nios2'
Info: nios2: "mysystem" instantiated altera_nios2_qsys "nios2"
Info: onchip_ram: Starting RTL generation for module 'mysystem_onchip_ram'
Info: onchip_ram:   Generation command is [exec D:/altera/15.1/quartus/bin64/perl/bin/perl.exe -I D:/altera/15.1/quartus/bin64/perl/lib -I D:/altera/15.1/quartus/sopc_builder/bin/europa -I D:/altera/15.1/quartus/sopc_builder/bin/perl_lib -I D:/altera/15.1/quartus/sopc_builder/bin -I D:/altera/15.1/quartus/../ip/altera/sopc_builder_ip/common -I D:/altera/15.1/quartus/../ip/altera/sopc_builder_ip/altera_avalon_onchip_memory2 -- D:/altera/15.1/quartus/../ip/altera/sopc_builder_ip/altera_avalon_onchip_memory2/generate_rtl.pl --name=mysystem_onchip_ram --dir=C:/Users/182588/AppData/Local/Temp/alt8933_7212723543452577307.dir/0002_onchip_ram_gen/ --quartus_dir=D:/altera/15.1/quartus --verilog --config=C:/Users/182588/AppData/Local/Temp/alt8933_7212723543452577307.dir/0002_onchip_ram_gen//mysystem_onchip_ram_component_configuration.pl  --do_build_sim=0  ]
Info: onchip_ram: Done RTL generation for module 'mysystem_onchip_ram'
Info: onchip_ram: "mysystem" instantiated altera_avalon_onchip_memory2 "onchip_ram"
Info: onchip_rom: Starting RTL generation for module 'mysystem_onchip_rom'
Info: onchip_rom:   Generation command is [exec D:/altera/15.1/quartus/bin64/perl/bin/perl.exe -I D:/altera/15.1/quartus/bin64/perl/lib -I D:/altera/15.1/quartus/sopc_builder/bin/europa -I D:/altera/15.1/quartus/sopc_builder/bin/perl_lib -I D:/altera/15.1/quartus/sopc_builder/bin -I D:/altera/15.1/quartus/../ip/altera/sopc_builder_ip/common -I D:/altera/15.1/quartus/../ip/altera/sopc_builder_ip/altera_avalon_onchip_memory2 -- D:/altera/15.1/quartus/../ip/altera/sopc_builder_ip/altera_avalon_onchip_memory2/generate_rtl.pl --name=mysystem_onchip_rom --dir=C:/Users/182588/AppData/Local/Temp/alt8933_7212723543452577307.dir/0003_onchip_rom_gen/ --quartus_dir=D:/altera/15.1/quartus --verilog --config=C:/Users/182588/AppData/Local/Temp/alt8933_7212723543452577307.dir/0003_onchip_rom_gen//mysystem_onchip_rom_component_configuration.pl  --do_build_sim=0  ]
Info: onchip_rom: Done RTL generation for module 'mysystem_onchip_rom'
Info: onchip_rom: "mysystem" instantiated altera_avalon_onchip_memory2 "onchip_rom"
Info: pio_led: Starting RTL generation for module 'mysystem_pio_led'
Info: pio_led:   Generation command is [exec D:/altera/15.1/quartus/bin64/perl/bin/perl.exe -I D:/altera/15.1/quartus/bin64/perl/lib -I D:/altera/15.1/quartus/sopc_builder/bin/europa -I D:/altera/15.1/quartus/sopc_builder/bin/perl_lib -I D:/altera/15.1/quartus/sopc_builder/bin -I D:/altera/15.1/quartus/../ip/altera/sopc_builder_ip/common -I D:/altera/15.1/quartus/../ip/altera/sopc_builder_ip/altera_avalon_pio -- D:/altera/15.1/quartus/../ip/altera/sopc_builder_ip/altera_avalon_pio/generate_rtl.pl --name=mysystem_pio_led --dir=C:/Users/182588/AppData/Local/Temp/alt8933_7212723543452577307.dir/0004_pio_led_gen/ --quartus_dir=D:/altera/15.1/quartus --verilog --config=C:/Users/182588/AppData/Local/Temp/alt8933_7212723543452577307.dir/0004_pio_led_gen//mysystem_pio_led_component_configuration.pl  --do_build_sim=0  ]
Info: pio_led: Done RTL generation for module 'mysystem_pio_led'
Info: pio_led: "mysystem" instantiated altera_avalon_pio "pio_led"
Info: sysid: "mysystem" instantiated altera_avalon_sysid_qsys "sysid"
Info: avalon_st_adapter: Inserting error_adapter: error_adapter_0
Info: avalon_st_adapter_001: Inserting error_adapter: error_adapter_0
Info: avalon_st_adapter_002: Inserting error_adapter: error_adapter_0
Info: avalon_st_adapter_003: Inserting error_adapter: error_adapter_0
Info: avalon_st_adapter_004: Inserting error_adapter: error_adapter_0
Info: mm_interconnect_0: "mysystem" instantiated altera_mm_interconnect "mm_interconnect_0"
Info: irq_mapper: "mysystem" instantiated altera_irq_mapper "irq_mapper"
Info: rst_controller: "mysystem" instantiated altera_reset_controller "rst_controller"
Info: nios2_data_master_translator: "mm_interconnect_0" instantiated altera_merlin_master_translator "nios2_data_master_translator"
Info: sysid_control_slave_translator: "mm_interconnect_0" instantiated altera_merlin_slave_translator "sysid_control_slave_translator"
Info: nios2_data_master_agent: "mm_interconnect_0" instantiated altera_merlin_master_agent "nios2_data_master_agent"
Info: sysid_control_slave_agent: "mm_interconnect_0" instantiated altera_merlin_slave_agent "sysid_control_slave_agent"
Info: sysid_control_slave_agent_rsp_fifo: "mm_interconnect_0" instantiated altera_avalon_sc_fifo "sysid_control_slave_agent_rsp_fifo"
Info: router: "mm_interconnect_0" instantiated altera_merlin_router "router"
Info: router_001: "mm_interconnect_0" instantiated altera_merlin_router "router_001"
Info: router_002: "mm_interconnect_0" instantiated altera_merlin_router "router_002"
Info: router_003: "mm_interconnect_0" instantiated altera_merlin_router "router_003"
Info: nios2_data_master_limiter: "mm_interconnect_0" instantiated altera_merlin_traffic_limiter "nios2_data_master_limiter"
Info: Reusing file E:/share/02_Learning/01_FPGA/04_SOC/01_Nios_II/01_proj/01_hello/src/02_IP_Core/mysystem/synthesis/submodules/altera_avalon_sc_fifo.v
Info: cmd_demux: "mm_interconnect_0" instantiated altera_merlin_demultiplexer "cmd_demux"
Info: cmd_demux_001: "mm_interconnect_0" instantiated altera_merlin_demultiplexer "cmd_demux_001"
Info: cmd_mux: "mm_interconnect_0" instantiated altera_merlin_multiplexer "cmd_mux"
Info: cmd_mux_001: "mm_interconnect_0" instantiated altera_merlin_multiplexer "cmd_mux_001"
Info: Reusing file E:/share/02_Learning/01_FPGA/04_SOC/01_Nios_II/01_proj/01_hello/src/02_IP_Core/mysystem/synthesis/submodules/altera_merlin_arbitrator.sv
Info: rsp_demux: "mm_interconnect_0" instantiated altera_merlin_demultiplexer "rsp_demux"
Info: rsp_demux_001: "mm_interconnect_0" instantiated altera_merlin_demultiplexer "rsp_demux_001"
Info: rsp_mux: "mm_interconnect_0" instantiated altera_merlin_multiplexer "rsp_mux"
Info: Reusing file E:/share/02_Learning/01_FPGA/04_SOC/01_Nios_II/01_proj/01_hello/src/02_IP_Core/mysystem/synthesis/submodules/altera_merlin_arbitrator.sv
Info: rsp_mux_001: "mm_interconnect_0" instantiated altera_merlin_multiplexer "rsp_mux_001"
Info: Reusing file E:/share/02_Learning/01_FPGA/04_SOC/01_Nios_II/01_proj/01_hello/src/02_IP_Core/mysystem/synthesis/submodules/altera_merlin_arbitrator.sv
Info: avalon_st_adapter: "mm_interconnect_0" instantiated altera_avalon_st_adapter "avalon_st_adapter"
Info: error_adapter_0: "avalon_st_adapter" instantiated error_adapter "error_adapter_0"
Info: mysystem: Done "mysystem" with 29 modules, 51 files
Info: qsys-generate succeeded.
Info: Finished: Create HDL design files for synthesis
